[0m2023.03.14 12:22:36 INFO  Started: Metals version 0.10.9 in workspace '/Users/nikolaroncevic/workspace/kafka/spark-scala-app' for client Visual Studio Code 1.54.3.[0m
[0m2023.03.14 12:22:40 INFO  time: initialize in 4.67s[0m
[0m2023.03.14 12:22:41 WARN  Build server is not auto-connectable.[0m
[0m2023.03.14 12:22:41 WARN  no build tool detected in workspace '/Users/nikolaroncevic/workspace/kafka/spark-scala-app'. The most common cause for this problem is that the editor was opened in the wrong working directory, for example if you use sbt then the workspace directory should contain build.sbt. [0m
[0m2023.03.14 12:22:42 WARN  no build target for: /Users/nikolaroncevic/workspace/kafka/spark-scala-app/src/scala/jobs/Job1.scala[0m
[0m2023.03.14 12:22:48 WARN  no build target for: /Users/nikolaroncevic/workspace/kafka/spark-scala-app/build.sbt[0m
Mar 14, 2023 12:22:48 PM org.eclipse.lsp4j.jsonrpc.RemoteEndpoint handleCancellation
WARNING: Unmatched cancel notification for request id 4
[0m2023.03.14 12:22:48 WARN  no build target for: /Users/nikolaroncevic/workspace/kafka/spark-scala-app/build.sbt[0m
[0m2023.03.14 12:22:49 INFO  no build target: using presentation compiler with only scala-library: 3.1.0[0m
[0m2023.03.14 12:22:52 INFO  time: code lens generation in 10s[0m
[0m2023.03.14 12:22:52 INFO  time: code lens generation in 3.92s[0m
[0m2023.03.14 12:23:27 INFO  skipping build import with status 'Dismissed'[0m
Mar 14, 2023 12:24:03 PM org.eclipse.lsp4j.jsonrpc.RemoteEndpoint fallbackResponseError
SEVERE: Internal error: java.lang.reflect.InvocationTargetException
java.lang.RuntimeException: java.lang.reflect.InvocationTargetException
	at org.eclipse.lsp4j.jsonrpc.services.GenericEndpoint.lambda$null$0(GenericEndpoint.java:67)
	at org.eclipse.lsp4j.jsonrpc.services.GenericEndpoint.request(GenericEndpoint.java:120)
	at org.eclipse.lsp4j.jsonrpc.RemoteEndpoint.handleRequest(RemoteEndpoint.java:261)
	at org.eclipse.lsp4j.jsonrpc.RemoteEndpoint.consume(RemoteEndpoint.java:190)
	at org.eclipse.lsp4j.jsonrpc.json.StreamMessageProducer.handleMessage(StreamMessageProducer.java:194)
	at org.eclipse.lsp4j.jsonrpc.json.StreamMessageProducer.listen(StreamMessageProducer.java:94)
	at org.eclipse.lsp4j.jsonrpc.json.ConcurrentMessageProcessor.run(ConcurrentMessageProcessor.java:113)
	at java.base/java.util.concurrent.Executors$RunnableAdapter.call(Executors.java:515)
	at java.base/java.util.concurrent.FutureTask.run(FutureTask.java:264)
	at java.base/java.util.concurrent.ThreadPoolExecutor.runWorker(ThreadPoolExecutor.java:1128)
	at java.base/java.util.concurrent.ThreadPoolExecutor$Worker.run(ThreadPoolExecutor.java:628)
	at java.base/java.lang.Thread.run(Thread.java:834)
Caused by: java.lang.reflect.InvocationTargetException
	at java.base/jdk.internal.reflect.NativeMethodAccessorImpl.invoke0(Native Method)
	at java.base/jdk.internal.reflect.NativeMethodAccessorImpl.invoke(NativeMethodAccessorImpl.java:62)
	at java.base/jdk.internal.reflect.DelegatingMethodAccessorImpl.invoke(DelegatingMethodAccessorImpl.java:43)
	at java.base/java.lang.reflect.Method.invoke(Method.java:566)
	at org.eclipse.lsp4j.jsonrpc.services.GenericEndpoint.lambda$null$0(GenericEndpoint.java:65)
	... 11 more
Caused by: java.lang.IllegalArgumentException: 9 is not a valid line number, allowed [0..0]
	at scala.meta.internal.inputs.InternalInput.lineToOffset(InternalInput.scala:37)
	at scala.meta.internal.inputs.InternalInput.lineToOffset$(InternalInput.scala:32)
	at scala.meta.inputs.Input$VirtualFile.lineToOffset(Input.scala:80)
	at scala.meta.inputs.Position$Range$.apply(Position.scala:59)
	at scala.meta.internal.mtags.MtagsEnrichments$XtensionPositionLspInverse.toMeta(MtagsEnrichments.scala:133)
	at scala.meta.internal.parsing.Trees.$anonfun$findLastEnclosingAt$4(Trees.scala:77)
	at scala.Option.flatMap(Option.scala:271)
	at scala.meta.internal.parsing.Trees.findLastEnclosingAt(Trees.scala:76)
	at scala.meta.internal.metals.codeactions.PatternMatchRefactor.contribute(PatternMatchRefactor.scala:96)
	at scala.meta.internal.metals.CodeActionProvider$$anonfun$1.applyOrElse(CodeActionProvider.scala:62)
	at scala.meta.internal.metals.CodeActionProvider$$anonfun$1.applyOrElse(CodeActionProvider.scala:61)
	at scala.collection.immutable.List.collect(List.scala:323)
	at scala.meta.internal.metals.CodeActionProvider.codeActions(CodeActionProvider.scala:61)
	at scala.meta.internal.metals.MetalsLanguageServer.$anonfun$codeAction$1(MetalsLanguageServer.scala:1555)
	at scala.meta.internal.metals.CancelTokens$.future(CancelTokens.scala:38)
	at scala.meta.internal.metals.MetalsLanguageServer.codeAction(MetalsLanguageServer.scala:1554)
	... 16 more

Mar 14, 2023 12:24:10 PM org.eclipse.lsp4j.jsonrpc.RemoteEndpoint handleCancellation
WARNING: Unmatched cancel notification for request id 34
[0m2023.03.14 12:25:02 WARN  no build target for: /Users/nikolaroncevic/workspace/kafka/spark-scala-app/build.sbt[0m
[0m2023.03.14 12:25:09 WARN  no build target for: /Users/nikolaroncevic/workspace/kafka/spark-scala-app/build.sbt[0m
[0m2023.03.14 12:25:12 INFO  skipping build import with status 'Dismissed'[0m
Mar 14, 2023 12:26:02 PM org.eclipse.lsp4j.jsonrpc.RemoteEndpoint handleCancellation
WARNING: Unmatched cancel notification for request id 143
Mar 14, 2023 12:26:08 PM org.eclipse.lsp4j.jsonrpc.RemoteEndpoint fallbackResponseError
SEVERE: Internal error: java.lang.reflect.InvocationTargetException
java.lang.RuntimeException: java.lang.reflect.InvocationTargetException
	at org.eclipse.lsp4j.jsonrpc.services.GenericEndpoint.lambda$null$0(GenericEndpoint.java:67)
	at org.eclipse.lsp4j.jsonrpc.services.GenericEndpoint.request(GenericEndpoint.java:120)
	at org.eclipse.lsp4j.jsonrpc.RemoteEndpoint.handleRequest(RemoteEndpoint.java:261)
	at org.eclipse.lsp4j.jsonrpc.RemoteEndpoint.consume(RemoteEndpoint.java:190)
	at org.eclipse.lsp4j.jsonrpc.json.StreamMessageProducer.handleMessage(StreamMessageProducer.java:194)
	at org.eclipse.lsp4j.jsonrpc.json.StreamMessageProducer.listen(StreamMessageProducer.java:94)
	at org.eclipse.lsp4j.jsonrpc.json.ConcurrentMessageProcessor.run(ConcurrentMessageProcessor.java:113)
	at java.base/java.util.concurrent.Executors$RunnableAdapter.call(Executors.java:515)
	at java.base/java.util.concurrent.FutureTask.run(FutureTask.java:264)
	at java.base/java.util.concurrent.ThreadPoolExecutor.runWorker(ThreadPoolExecutor.java:1128)
	at java.base/java.util.concurrent.ThreadPoolExecutor$Worker.run(ThreadPoolExecutor.java:628)
	at java.base/java.lang.Thread.run(Thread.java:834)
Caused by: java.lang.reflect.InvocationTargetException
	at jdk.internal.reflect.GeneratedMethodAccessor3.invoke(Unknown Source)
	at java.base/jdk.internal.reflect.DelegatingMethodAccessorImpl.invoke(DelegatingMethodAccessorImpl.java:43)
	at java.base/java.lang.reflect.Method.invoke(Method.java:566)
	at org.eclipse.lsp4j.jsonrpc.services.GenericEndpoint.lambda$null$0(GenericEndpoint.java:65)
	... 11 more
Caused by: java.lang.IllegalArgumentException: 5 is not a valid line number, allowed [0..0]
	at scala.meta.internal.inputs.InternalInput.lineToOffset(InternalInput.scala:37)
	at scala.meta.internal.inputs.InternalInput.lineToOffset$(InternalInput.scala:32)
	at scala.meta.inputs.Input$VirtualFile.lineToOffset(Input.scala:80)
	at scala.meta.inputs.Position$Range$.apply(Position.scala:59)
	at scala.meta.internal.mtags.MtagsEnrichments$XtensionPositionLspInverse.toMeta(MtagsEnrichments.scala:133)
	at scala.meta.internal.parsing.Trees.$anonfun$findLastEnclosingAt$4(Trees.scala:77)
	at scala.Option.flatMap(Option.scala:271)
	at scala.meta.internal.parsing.Trees.findLastEnclosingAt(Trees.scala:76)
	at scala.meta.internal.metals.codeactions.PatternMatchRefactor.contribute(PatternMatchRefactor.scala:96)
	at scala.meta.internal.metals.CodeActionProvider$$anonfun$1.applyOrElse(CodeActionProvider.scala:62)
	at scala.meta.internal.metals.CodeActionProvider$$anonfun$1.applyOrElse(CodeActionProvider.scala:61)
	at scala.collection.immutable.List.collect(List.scala:323)
	at scala.meta.internal.metals.CodeActionProvider.codeActions(CodeActionProvider.scala:61)
	at scala.meta.internal.metals.MetalsLanguageServer.$anonfun$codeAction$1(MetalsLanguageServer.scala:1555)
	at scala.meta.internal.metals.CancelTokens$.future(CancelTokens.scala:38)
	at scala.meta.internal.metals.MetalsLanguageServer.codeAction(MetalsLanguageServer.scala:1554)
	... 15 more

Default dialect is deprecated; use explicit: [Scala211,scala212,Scala212Source3,scala213,Scala213Source3,Sbt0137,Sbt1,scala3]
Also see https://scalameta.org/scalafmt/docs/configuration.html#scala-dialects"
[0m2023.03.14 12:26:18 WARN  no build target for: /Users/nikolaroncevic/workspace/kafka/spark-scala-app/src/scala/jobs/Job1.scala[0m
Mar 14, 2023 12:26:29 PM org.eclipse.lsp4j.jsonrpc.RemoteEndpoint handleCancellation
WARNING: Unmatched cancel notification for request id 175
[0m2023.03.14 12:26:31 WARN  no build target for: /Users/nikolaroncevic/workspace/kafka/spark-scala-app/src/scala/jobs/Job1.scala[0m
Mar 14, 2023 12:43:16 PM org.eclipse.lsp4j.jsonrpc.RemoteEndpoint handleCancellation
WARNING: Unmatched cancel notification for request id 193
[0m2023.03.14 12:43:20 WARN  no build target for: /Users/nikolaroncevic/workspace/kafka/spark-scala-app/build.sbt[0m
[0m2023.03.14 12:43:20 INFO  skipping build import with status 'Dismissed'[0m
Mar 14, 2023 12:44:12 PM org.eclipse.lsp4j.jsonrpc.RemoteEndpoint handleCancellation
WARNING: Unmatched cancel notification for request id 211
Mar 14, 2023 12:44:15 PM org.eclipse.lsp4j.jsonrpc.RemoteEndpoint handleCancellation
WARNING: Unmatched cancel notification for request id 224
[0m2023.03.14 12:44:15 WARN  no build target for: /Users/nikolaroncevic/workspace/kafka/spark-scala-app/src/scala/jobs/Job1.scala[0m
[0m2023.03.14 12:45:22 WARN  no build target for: /Users/nikolaroncevic/workspace/kafka/spark-scala-app/src/scala/jobs/Job1.scala[0m
Mar 14, 2023 12:45:31 PM org.eclipse.lsp4j.jsonrpc.RemoteEndpoint handleCancellation
WARNING: Unmatched cancel notification for request id 251
[0m2023.03.14 12:45:31 WARN  no build target for: /Users/nikolaroncevic/workspace/kafka/spark-scala-app/src/scala/jobs/DataFrameExample.scala[0m
Mar 14, 2023 12:45:31 PM org.eclipse.lsp4j.jsonrpc.RemoteEndpoint handleCancellation
WARNING: Unmatched cancel notification for request id 252
[0m2023.03.14 12:47:08 WARN  no build target for: /Users/nikolaroncevic/workspace/kafka/spark-scala-app/src/scala/jobs/DataFrameExample.scala[0m
Mar 14, 2023 12:47:30 PM org.eclipse.lsp4j.jsonrpc.RemoteEndpoint handleCancellation
WARNING: Unmatched cancel notification for request id 364
[0m2023.03.14 12:47:36 WARN  no build target for: /Users/nikolaroncevic/workspace/kafka/spark-scala-app/src/scala/jobs/DataFrameExample.scala[0m
Mar 14, 2023 12:47:41 PM org.eclipse.lsp4j.jsonrpc.RemoteEndpoint handleCancellation
WARNING: Unmatched cancel notification for request id 389
Mar 14, 2023 12:47:56 PM org.eclipse.lsp4j.jsonrpc.RemoteEndpoint handleCancellation
WARNING: Unmatched cancel notification for request id 394
[0m2023.03.14 12:48:16 WARN  no build target for: /Users/nikolaroncevic/workspace/kafka/spark-scala-app/src/scala/jobs/DataFrameExample.scala[0m
Mar 14, 2023 1:31:07 PM org.eclipse.lsp4j.jsonrpc.RemoteEndpoint handleCancellation
WARNING: Unmatched cancel notification for request id 435
Mar 14, 2023 1:31:11 PM org.eclipse.lsp4j.jsonrpc.RemoteEndpoint handleCancellation
WARNING: Unmatched cancel notification for request id 442
Mar 14, 2023 1:31:34 PM org.eclipse.lsp4j.jsonrpc.RemoteEndpoint handleCancellation
WARNING: Unmatched cancel notification for request id 507
Mar 14, 2023 1:31:38 PM org.eclipse.lsp4j.jsonrpc.RemoteEndpoint handleCancellation
WARNING: Unmatched cancel notification for request id 512
Mar 14, 2023 1:31:45 PM org.eclipse.lsp4j.jsonrpc.RemoteEndpoint handleCancellation
WARNING: Unmatched cancel notification for request id 541
Mar 14, 2023 1:31:57 PM org.eclipse.lsp4j.jsonrpc.RemoteEndpoint handleCancellation
WARNING: Unmatched cancel notification for request id 577
[0m2023.03.14 13:32:07 WARN  no build target for: /Users/nikolaroncevic/workspace/kafka/spark-scala-app/src/scala/jobs/DataFrameExample.scala[0m
[0m2023.03.14 13:32:44 WARN  no build target for: /Users/nikolaroncevic/workspace/kafka/spark-scala-app/src/scala/jobs/DataFrameExample.scala[0m
[0m2023.03.14 13:33:02 WARN  no build target for: /Users/nikolaroncevic/workspace/kafka/spark-scala-app/src/scala/jobs/DataFrameExample.scala[0m
[0m2023.03.14 13:33:46 WARN  no build target for: /Users/nikolaroncevic/workspace/kafka/spark-scala-app/src/scala/jobs/DataFrameExample.scala[0m
[0m2023.03.14 13:33:48 WARN  no build target for: /Users/nikolaroncevic/workspace/kafka/spark-scala-app/src/scala/jobs/DataFrameExample.scala[0m
[0m2023.03.14 13:52:34 WARN  no build target for: /Users/nikolaroncevic/workspace/kafka/spark-scala-app/src/main/scala/jobs/DataFrameExample.scala[0m
Mar 14, 2023 1:52:34 PM org.eclipse.lsp4j.jsonrpc.RemoteEndpoint handleCancellation
WARNING: Unmatched cancel notification for request id 690
Mar 14, 2023 1:52:37 PM org.eclipse.lsp4j.jsonrpc.RemoteEndpoint handleCancellation
WARNING: Unmatched cancel notification for request id 695
[0m2023.03.14 13:52:37 WARN  no build target for: /Users/nikolaroncevic/workspace/kafka/spark-scala-app/src/main/scala/DataFrameExample.scala[0m
Mar 14, 2023 1:52:38 PM org.eclipse.lsp4j.jsonrpc.RemoteEndpoint handleCancellation
WARNING: Unmatched cancel notification for request id 696
[0m2023.03.14 13:54:28 WARN  no build target for: /Users/nikolaroncevic/workspace/kafka/spark-scala-app/build.sbt[0m
[0m2023.03.14 13:54:28 INFO  skipping build import with status 'Dismissed'[0m
Mar 14, 2023 1:55:30 PM org.eclipse.lsp4j.jsonrpc.RemoteEndpoint handleCancellation
WARNING: Unmatched cancel notification for request id 719
[0m2023.03.14 13:56:17 WARN  no build target for: /Users/nikolaroncevic/workspace/kafka/spark-scala-app/src/main/scala/DataFrameExample.scala[0m
[0m2023.03.14 13:56:33 WARN  no build target for: /Users/nikolaroncevic/workspace/kafka/spark-scala-app/src/main/scala/DataFrameExample.scala[0m
[0m2023.03.14 13:57:01 WARN  no build target for: /Users/nikolaroncevic/workspace/kafka/spark-scala-app/src/main/scala/DataFrameExample.scala[0m
Mar 14, 2023 2:00:12 PM org.eclipse.lsp4j.jsonrpc.RemoteEndpoint handleCancellation
WARNING: Unmatched cancel notification for request id 810
[0m2023.03.14 14:01:39 WARN  no build target for: /Users/nikolaroncevic/workspace/kafka/spark-scala-app/src/main/scala/DataFrameExample.scala[0m
[0m2023.03.14 14:06:37 ERROR scalafmt: /Users/nikolaroncevic/workspace/kafka/spark-scala-app/src/main/scala/DataFrameExample.scala:16: error: [dialect default] ; expected but . found
    .readStream \
    ^[0m
[0m2023.03.14 14:06:37 WARN  no build target for: /Users/nikolaroncevic/workspace/kafka/spark-scala-app/src/main/scala/DataFrameExample.scala[0m
Mar 14, 2023 2:06:52 PM org.eclipse.lsp4j.jsonrpc.RemoteEndpoint handleCancellation
WARNING: Unmatched cancel notification for request id 921
[0m2023.03.14 14:06:59 WARN  no build target for: /Users/nikolaroncevic/workspace/kafka/spark-scala-app/src/main/scala/DataFrameExample.scala[0m
[0m2023.03.14 14:08:31 WARN  no build target for: /Users/nikolaroncevic/workspace/kafka/spark-scala-app/src/main/scala/DataFrameExample.scala[0m
[0m2023.03.14 14:08:36 WARN  no build target for: /Users/nikolaroncevic/workspace/kafka/spark-scala-app/src/main/scala/DataFrameExample.scala[0m
[0m2023.03.14 14:08:38 WARN  no build target for: /Users/nikolaroncevic/workspace/kafka/spark-scala-app/src/main/scala/DataFrameExample.scala[0m
[0m2023.03.14 14:08:44 WARN  no build target for: /Users/nikolaroncevic/workspace/kafka/spark-scala-app/src/main/scala/DataFrameExample.scala[0m
Mar 14, 2023 2:09:47 PM org.eclipse.lsp4j.jsonrpc.RemoteEndpoint handleCancellation
WARNING: Unmatched cancel notification for request id 1180
[0m2023.03.14 14:10:04 ERROR scalafmt: /Users/nikolaroncevic/workspace/kafka/spark-scala-app/src/main/scala/DataFrameExample.scala:24: error: [dialect default] ) expected but . found
      val df.withColumn("key_str", df.col("key").cast("string").alias("key_str")).drop("key")
                                                ^[0m
[0m2023.03.14 14:10:04 WARN  no build target for: /Users/nikolaroncevic/workspace/kafka/spark-scala-app/src/main/scala/DataFrameExample.scala[0m
Mar 14, 2023 2:11:27 PM org.eclipse.lsp4j.jsonrpc.RemoteEndpoint handleCancellation
WARNING: Unmatched cancel notification for request id 1468
[0m2023.03.14 14:11:54 ERROR scalafmt: /Users/nikolaroncevic/workspace/kafka/spark-scala-app/src/main/scala/DataFrameExample.scala:24: error: [dialect default] ) expected but . found
    val transformed = df.withColumn("key_str" df.col("key").cast("string"));
                                                ^[0m
[0m2023.03.14 14:11:54 WARN  no build target for: /Users/nikolaroncevic/workspace/kafka/spark-scala-app/src/main/scala/DataFrameExample.scala[0m
[0m2023.03.14 14:13:31 WARN  no build target for: /Users/nikolaroncevic/workspace/kafka/spark-scala-app/src/main/scala/DataFrameExample.scala[0m
[0m2023.03.14 14:13:44 WARN  no build target for: /Users/nikolaroncevic/workspace/kafka/spark-scala-app/src/main/scala/DataFrameExample.scala[0m
[0m2023.03.14 14:14:07 WARN  no build target for: /Users/nikolaroncevic/workspace/kafka/spark-scala-app/src/main/scala/DataFrameExample.scala[0m
[0m2023.03.14 14:14:18 WARN  no build target for: /Users/nikolaroncevic/workspace/kafka/spark-scala-app/src/main/scala/DataFrameExample.scala[0m
[0m2023.03.14 14:15:03 WARN  no build target for: /Users/nikolaroncevic/workspace/kafka/spark-scala-app/src/main/scala/DataFrameExample.scala[0m
[0m2023.03.14 14:15:06 WARN  no build target for: /Users/nikolaroncevic/workspace/kafka/spark-scala-app/src/main/scala/DataFrameExample.scala[0m
[0m2023.03.14 14:15:06 WARN  no build target for: /Users/nikolaroncevic/workspace/kafka/spark-scala-app/src/main/scala/DataFrameExample.scala[0m
[0m2023.03.14 14:15:48 ERROR scalafmt: /Users/nikolaroncevic/workspace/kafka/spark-scala-app/src/main/scala/DataFrameExample.scala:5: error: [dialect default] expected class or object definition identifier
spark.implicits._
^[0m
[0m2023.03.14 14:15:48 WARN  no build target for: /Users/nikolaroncevic/workspace/kafka/spark-scala-app/src/main/scala/DataFrameExample.scala[0m
[0m2023.03.14 14:15:51 WARN  no build target for: /Users/nikolaroncevic/workspace/kafka/spark-scala-app/src/main/scala/DataFrameExample.scala[0m
[0m2023.03.14 14:16:24 WARN  no build target for: /Users/nikolaroncevic/workspace/kafka/spark-scala-app/src/main/scala/DataFrameExample.scala[0m
[0m2023.03.14 14:16:33 WARN  no build target for: /Users/nikolaroncevic/workspace/kafka/spark-scala-app/src/main/scala/DataFrameExample.scala[0m
Mar 14, 2023 2:17:16 PM org.eclipse.lsp4j.jsonrpc.RemoteEndpoint handleCancellation
WARNING: Unmatched cancel notification for request id 1982
[0m2023.03.14 14:17:16 WARN  no build target for: /Users/nikolaroncevic/workspace/kafka/spark-scala-app/src/main/scala/DataFrameExample.scala[0m
[0m2023.03.14 14:17:34 WARN  no build target for: /Users/nikolaroncevic/workspace/kafka/spark-scala-app/src/main/scala/DataFrameExample.scala[0m
Mar 14, 2023 2:30:08 PM org.eclipse.lsp4j.jsonrpc.RemoteEndpoint handleCancellation
WARNING: Unmatched cancel notification for request id 2003
Mar 14, 2023 2:30:09 PM org.eclipse.lsp4j.jsonrpc.RemoteEndpoint handleCancellation
WARNING: Unmatched cancel notification for request id 2004
[0m2023.03.14 14:30:09 WARN  no build target for: /Users/nikolaroncevic/workspace/kafka/spark-scala-app/build.sbt[0m
[0m2023.03.14 14:30:09 INFO  skipping build import with status 'Dismissed'[0m
[0m2023.03.14 14:30:28 WARN  no build target for: /Users/nikolaroncevic/workspace/kafka/spark-scala-app/build.sbt[0m
[0m2023.03.14 14:30:28 INFO  skipping build import with status 'Dismissed'[0m
[0m2023.03.14 14:30:58 WARN  no build target for: /Users/nikolaroncevic/workspace/kafka/spark-scala-app/build.sbt[0m
[0m2023.03.14 14:30:58 INFO  skipping build import with status 'Dismissed'[0m
[0m2023.03.14 14:32:39 WARN  no build target for: /Users/nikolaroncevic/workspace/kafka/spark-scala-app/build.sbt[0m
[0m2023.03.14 14:32:39 INFO  skipping build import with status 'Dismissed'[0m
Mar 14, 2023 2:41:52 PM org.eclipse.lsp4j.jsonrpc.RemoteEndpoint handleCancellation
WARNING: Unmatched cancel notification for request id 2094
Mar 14, 2023 2:41:52 PM org.eclipse.lsp4j.jsonrpc.RemoteEndpoint handleCancellation
WARNING: Unmatched cancel notification for request id 2095
Mar 14, 2023 2:44:28 PM org.eclipse.lsp4j.jsonrpc.RemoteEndpoint handleCancellation
WARNING: Unmatched cancel notification for request id 2103
[0m2023.03.14 14:44:32 WARN  no build target for: /Users/nikolaroncevic/workspace/kafka/spark-scala-app/build.sbt[0m
[0m2023.03.14 14:44:32 INFO  skipping build import with status 'Dismissed'[0m
Mar 14, 2023 2:49:08 PM org.eclipse.lsp4j.jsonrpc.RemoteEndpoint handleCancellation
WARNING: Unmatched cancel notification for request id 2120
Mar 14, 2023 2:58:12 PM org.eclipse.lsp4j.jsonrpc.RemoteEndpoint handleCancellation
WARNING: Unmatched cancel notification for request id 2143
[0m2023.03.14 15:10:32 WARN  no build target for: /Users/nikolaroncevic/workspace/kafka/spark-scala-app/build.sbt[0m
[0m2023.03.14 15:10:32 INFO  skipping build import with status 'Dismissed'[0m
Mar 14, 2023 3:12:03 PM org.eclipse.lsp4j.jsonrpc.RemoteEndpoint handleCancellation
WARNING: Unmatched cancel notification for request id 2174
[0m2023.03.14 15:12:14 WARN  no build target for: /Users/nikolaroncevic/workspace/kafka/spark-scala-app/src/main/scala/DataFrameExample.scala[0m
Mar 14, 2023 3:13:32 PM org.eclipse.lsp4j.jsonrpc.RemoteEndpoint handleCancellation
WARNING: Unmatched cancel notification for request id 2208
[0m2023.03.14 15:13:37 WARN  no build target for: /Users/nikolaroncevic/workspace/kafka/spark-scala-app/build.sbt[0m
[0m2023.03.14 15:13:37 INFO  skipping build import with status 'Dismissed'[0m
[0m2023.03.14 15:13:41 WARN  no build target for: /Users/nikolaroncevic/workspace/kafka/spark-scala-app/build.sbt[0m
[0m2023.03.14 15:13:41 INFO  skipping build import with status 'Dismissed'[0m
[0m2023.03.14 15:16:38 WARN  no build target for: /Users/nikolaroncevic/workspace/kafka/spark-scala-app/build.sbt[0m
[0m2023.03.14 15:16:38 INFO  skipping build import with status 'Dismissed'[0m
[0m2023.03.14 15:17:26 WARN  no build target for: /Users/nikolaroncevic/workspace/kafka/spark-scala-app/build.sbt[0m
[0m2023.03.14 15:17:26 INFO  skipping build import with status 'Dismissed'[0m
[0m2023.03.14 15:17:57 WARN  no build target for: /Users/nikolaroncevic/workspace/kafka/spark-scala-app/build.sbt[0m
[0m2023.03.14 15:17:57 INFO  skipping build import with status 'Dismissed'[0m
Mar 14, 2023 3:20:14 PM org.eclipse.lsp4j.jsonrpc.RemoteEndpoint handleCancellation
WARNING: Unmatched cancel notification for request id 2270
Mar 14, 2023 3:20:15 PM org.eclipse.lsp4j.jsonrpc.RemoteEndpoint handleCancellation
WARNING: Unmatched cancel notification for request id 2271
Mar 14, 2023 3:20:22 PM org.eclipse.lsp4j.jsonrpc.RemoteEndpoint handleCancellation
WARNING: Unmatched cancel notification for request id 2282
[0m2023.03.14 15:43:30 WARN  no build target for: /Users/nikolaroncevic/workspace/kafka/spark-scala-app/src/main/scala/DataFrameExample.scala[0m
Mar 14, 2023 7:44:28 PM org.eclipse.lsp4j.jsonrpc.RemoteEndpoint handleCancellation
WARNING: Unmatched cancel notification for request id 2299
[0m2023.03.14 19:44:30 WARN  no build target for: /Users/nikolaroncevic/workspace/kafka/spark-scala-app/src/main/scala/DataFrameExample.scala[0m
[0m2023.03.14 19:55:21 INFO  shutting down Metals[0m
[0m2023.03.14 19:57:11 INFO  Started: Metals version 0.10.9 in workspace '/Users/nikolaroncevic/workspace/kafka/spark-scala-app' for client Visual Studio Code 1.54.3.[0m
[0m2023.03.14 19:57:18 INFO  time: initialize in 7.66s[0m
[0m2023.03.14 19:57:20 WARN  Build server is not auto-connectable.[0m
[0m2023.03.14 19:57:21 INFO  skipping build import with status 'Dismissed'[0m
[0m2023.03.14 19:57:21 WARN  no build target for: /Users/nikolaroncevic/workspace/kafka/spark-scala-app/src/main/scala/DataFrameExample.scala[0m
Default dialect is deprecated; use explicit: [Scala211,scala212,Scala212Source3,scala213,Scala213Source3,Sbt0137,Sbt1,scala3]
Also see https://scalameta.org/scalafmt/docs/configuration.html#scala-dialects"
[0m2023.03.14 19:57:38 INFO  no build target: using presentation compiler with only scala-library: 3.1.0[0m
[0m2023.03.14 19:57:42 INFO  time: code lens generation in 12s[0m
[0m2023.03.14 19:57:42 INFO  time: code lens generation in 12s[0m
[0m2023.03.14 19:57:42 INFO  time: code lens generation in 8.92s[0m
Mar 14, 2023 8:04:51 PM org.eclipse.lsp4j.jsonrpc.RemoteEndpoint handleCancellation
WARNING: Unmatched cancel notification for request id 8
[0m2023.03.14 20:05:47 WARN  no build target for: /Users/nikolaroncevic/workspace/kafka/spark-scala-app/src/main/scala/DataFrameExample.scala[0m
[0m2023.03.14 20:05:53 WARN  no build target for: /Users/nikolaroncevic/workspace/kafka/spark-scala-app/src/main/scala/DataFrameExample.scala[0m
[0m2023.03.14 20:07:06 WARN  no build target for: /Users/nikolaroncevic/workspace/kafka/spark-scala-app/src/main/scala/DataFrameExample.scala[0m
[0m2023.03.14 20:07:11 WARN  no build target for: /Users/nikolaroncevic/workspace/kafka/spark-scala-app/src/main/scala/DataFrameExample.scala[0m
[0m2023.03.14 20:08:07 WARN  no build target for: /Users/nikolaroncevic/workspace/kafka/spark-scala-app/src/main/scala/DataFrameExample.scala[0m
[0m2023.03.14 20:13:24 WARN  no build target for: /Users/nikolaroncevic/workspace/kafka/spark-scala-app/src/main/scala/DataFrameExample.scala[0m
[0m2023.03.14 20:15:14 WARN  no build target for: /Users/nikolaroncevic/workspace/kafka/spark-scala-app/src/main/scala/DataFrameExample.scala[0m
[0m2023.03.14 20:15:37 WARN  no build target for: /Users/nikolaroncevic/workspace/kafka/spark-scala-app/src/main/scala/DataFrameExample.scala[0m
[0m2023.03.14 20:15:41 WARN  no build target for: /Users/nikolaroncevic/workspace/kafka/spark-scala-app/src/main/scala/DataFrameExample.scala[0m
[0m2023.03.15 17:33:49 WARN  no build target for: /Users/nikolaroncevic/workspace/kafka/spark-scala-app/src/main/scala/DataFrameExample.scala[0m
[0m2023.03.15 17:37:45 ERROR scalafmt: /Users/nikolaroncevic/workspace/kafka/spark-scala-app/src/main/scala/DataFrameExample.scala:35: error: [dialect default] } expected but end of file found

^[0m
[0m2023.03.15 17:37:45 WARN  no build target for: /Users/nikolaroncevic/workspace/kafka/spark-scala-app/src/main/scala/DataFrameExample.scala[0m
[0m2023.03.15 17:38:15 ERROR scalafmt: /Users/nikolaroncevic/workspace/kafka/spark-scala-app/src/main/scala/DataFrameExample.scala:35: error: [dialect default] } expected but end of file found

^[0m
[0m2023.03.15 17:38:15 WARN  no build target for: /Users/nikolaroncevic/workspace/kafka/spark-scala-app/src/main/scala/DataFrameExample.scala[0m
[0m2023.03.15 17:38:33 WARN  no build target for: /Users/nikolaroncevic/workspace/kafka/spark-scala-app/src/main/scala/DataFrameExample.scala[0m
[0m2023.03.15 17:38:57 WARN  no build target for: /Users/nikolaroncevic/workspace/kafka/spark-scala-app/src/main/scala/DataFrameExample.scala[0m
[0m2023.03.15 17:39:46 WARN  no build target for: /Users/nikolaroncevic/workspace/kafka/spark-scala-app/src/main/scala/DataFrameExample.scala[0m
[0m2023.03.15 17:40:08 WARN  no build target for: /Users/nikolaroncevic/workspace/kafka/spark-scala-app/src/main/scala/DataFrameExample.scala[0m
Mar 15, 2023 5:40:32 PM org.eclipse.lsp4j.jsonrpc.RemoteEndpoint handleCancellation
WARNING: Unmatched cancel notification for request id 351
Mar 15, 2023 5:40:32 PM org.eclipse.lsp4j.jsonrpc.RemoteEndpoint handleCancellation
WARNING: Unmatched cancel notification for request id 353
[0m2023.03.15 17:40:48 WARN  no build target for: /Users/nikolaroncevic/workspace/kafka/spark-scala-app/src/main/scala/DataFrameExample.scala[0m
[0m2023.03.15 17:41:01 WARN  no build target for: /Users/nikolaroncevic/workspace/kafka/spark-scala-app/src/main/scala/DataFrameExample.scala[0m
[0m2023.03.15 17:41:03 WARN  no build target for: /Users/nikolaroncevic/workspace/kafka/spark-scala-app/src/main/scala/DataFrameExample.scala[0m
[0m2023.03.15 17:41:08 WARN  no build target for: /Users/nikolaroncevic/workspace/kafka/spark-scala-app/src/main/scala/DataFrameExample.scala[0m
[0m2023.03.15 17:41:21 WARN  no build target for: /Users/nikolaroncevic/workspace/kafka/spark-scala-app/src/main/scala/DataFrameExample.scala[0m
[0m2023.03.15 17:41:51 WARN  no build target for: /Users/nikolaroncevic/workspace/kafka/spark-scala-app/src/main/scala/DataFrameExample.scala[0m
[0m2023.03.15 17:42:26 WARN  no build target for: /Users/nikolaroncevic/workspace/kafka/spark-scala-app/src/main/scala/DataFrameExample.scala[0m
[0m2023.03.15 17:44:01 WARN  no build target for: /Users/nikolaroncevic/workspace/kafka/spark-scala-app/src/main/scala/DataFrameExample.scala[0m
[0m2023.03.15 17:44:36 WARN  no build target for: /Users/nikolaroncevic/workspace/kafka/spark-scala-app/src/main/scala/DataFrameExample.scala[0m
[0m2023.03.15 17:47:38 WARN  no build target for: /Users/nikolaroncevic/workspace/kafka/spark-scala-app/build.sbt[0m
[0m2023.03.15 17:47:59 WARN  no build target for: /Users/nikolaroncevic/workspace/kafka/spark-scala-app/build.sbt[0m
[0m2023.03.15 17:47:59 INFO  skipping build import with status 'Dismissed'[0m
[0m2023.03.15 17:48:04 WARN  no build target for: /Users/nikolaroncevic/workspace/kafka/spark-scala-app/build.sbt[0m
[0m2023.03.15 17:48:04 INFO  skipping build import with status 'Dismissed'[0m
Mar 15, 2023 5:49:30 PM org.eclipse.lsp4j.jsonrpc.RemoteEndpoint handleCancellation
WARNING: Unmatched cancel notification for request id 618
[0m2023.03.15 17:49:54 WARN  no build target for: /Users/nikolaroncevic/workspace/kafka/spark-scala-app/src/main/scala/DataFrameExample.scala[0m
[0m2023.03.15 17:50:02 WARN  no build target for: /Users/nikolaroncevic/workspace/kafka/spark-scala-app/src/main/scala/DataFrameExample.scala[0m
[0m2023.03.15 17:52:37 WARN  no build target for: /Users/nikolaroncevic/workspace/kafka/spark-scala-app/src/main/scala/DataFrameExample.scala[0m
[0m2023.03.15 17:53:31 WARN  no build target for: /Users/nikolaroncevic/workspace/kafka/spark-scala-app/src/main/scala/DataFrameExample.scala[0m
[0m2023.03.15 17:54:16 WARN  no build target for: /Users/nikolaroncevic/workspace/kafka/spark-scala-app/src/main/scala/DataFrameExample.scala[0m
[0m2023.03.15 17:54:57 WARN  no build target for: /Users/nikolaroncevic/workspace/kafka/spark-scala-app/src/main/scala/DataFrameExample.scala[0m
[0m2023.03.15 17:55:22 WARN  no build target for: /Users/nikolaroncevic/workspace/kafka/spark-scala-app/src/main/scala/DataFrameExample.scala[0m
[0m2023.03.15 17:56:56 WARN  no build target for: /Users/nikolaroncevic/workspace/kafka/spark-scala-app/src/main/scala/DataFrameExample.scala[0m
[0m2023.03.15 18:02:01 WARN  no build target for: /Users/nikolaroncevic/workspace/kafka/spark-scala-app/src/main/scala/DataFrameExample.scala[0m
[0m2023.03.15 18:02:13 WARN  no build target for: /Users/nikolaroncevic/workspace/kafka/spark-scala-app/src/main/scala/DataFrameExample.scala[0m
[0m2023.03.15 18:05:04 WARN  no build target for: /Users/nikolaroncevic/workspace/kafka/spark-scala-app/src/main/scala/DataFrameExample.scala[0m
[0m2023.03.15 18:06:23 ERROR scalafmt: /Users/nikolaroncevic/workspace/kafka/spark-scala-app/src/main/scala/DataFrameExample.scala:6: error: [dialect default] expected class or object definition identifier
java.nio.file.{Files, Paths}
^[0m
[0m2023.03.15 18:06:23 WARN  no build target for: /Users/nikolaroncevic/workspace/kafka/spark-scala-app/src/main/scala/DataFrameExample.scala[0m
[0m2023.03.15 18:06:26 WARN  no build target for: /Users/nikolaroncevic/workspace/kafka/spark-scala-app/src/main/scala/DataFrameExample.scala[0m
[0m2023.03.15 18:06:58 WARN  no build target for: /Users/nikolaroncevic/workspace/kafka/spark-scala-app/src/main/scala/DataFrameExample.scala[0m
[0m2023.03.15 18:07:49 WARN  no build target for: /Users/nikolaroncevic/workspace/kafka/spark-scala-app/src/main/scala/DataFrameExample.scala[0m
[0m2023.03.15 18:08:33 WARN  no build target for: /Users/nikolaroncevic/workspace/kafka/spark-scala-app/src/main/scala/DataFrameExample.scala[0m
[0m2023.03.15 18:10:02 WARN  no build target for: /Users/nikolaroncevic/workspace/kafka/spark-scala-app/src/main/scala/DataFrameExample.scala[0m
[0m2023.03.15 18:10:56 WARN  no build target for: /Users/nikolaroncevic/workspace/kafka/spark-scala-app/src/main/scala/DataFrameExample.scala[0m
[0m2023.03.15 18:13:36 WARN  no build target for: /Users/nikolaroncevic/workspace/kafka/spark-scala-app/src/main/scala/DataFrameExample.scala[0m
[0m2023.03.15 18:15:03 WARN  no build target for: /Users/nikolaroncevic/workspace/kafka/spark-scala-app/src/main/scala/DataFrameExample.scala[0m
[0m2023.03.15 18:15:04 WARN  no build target for: /Users/nikolaroncevic/workspace/kafka/spark-scala-app/src/main/scala/DataFrameExample.scala[0m
[0m2023.03.15 18:15:33 WARN  no build target for: /Users/nikolaroncevic/workspace/kafka/spark-scala-app/src/main/scala/DataFrameExample.scala[0m
Mar 15, 2023 6:24:15 PM org.eclipse.lsp4j.jsonrpc.RemoteEndpoint handleCancellation
WARNING: Unmatched cancel notification for request id 1259
[0m2023.03.15 18:24:21 WARN  no build target for: /Users/nikolaroncevic/workspace/kafka/spark-scala-app/build.sbt[0m
[0m2023.03.15 18:24:21 INFO  skipping build import with status 'Dismissed'[0m
[0m2023.03.15 18:24:52 WARN  no build target for: /Users/nikolaroncevic/workspace/kafka/spark-scala-app/build.sbt[0m
[0m2023.03.15 18:24:52 INFO  skipping build import with status 'Dismissed'[0m
Mar 15, 2023 6:25:05 PM org.eclipse.lsp4j.jsonrpc.RemoteEndpoint handleCancellation
WARNING: Unmatched cancel notification for request id 1292
Mar 15, 2023 6:25:11 PM org.eclipse.lsp4j.jsonrpc.RemoteEndpoint handleCancellation
WARNING: Unmatched cancel notification for request id 1298
Mar 15, 2023 6:28:48 PM org.eclipse.lsp4j.jsonrpc.RemoteEndpoint handleCancellation
WARNING: Unmatched cancel notification for request id 1306
[0m2023.03.15 18:31:37 WARN  no build target for: /Users/nikolaroncevic/workspace/kafka/spark-scala-app/build.sbt[0m
Mar 15, 2023 6:31:37 PM org.eclipse.lsp4j.jsonrpc.RemoteEndpoint handleCancellation
WARNING: Unmatched cancel notification for request id 1327
Mar 15, 2023 6:33:44 PM org.eclipse.lsp4j.jsonrpc.RemoteEndpoint handleCancellation
WARNING: Unmatched cancel notification for request id 1332
[0m2023.03.15 18:33:55 WARN  no build target for: /Users/nikolaroncevic/workspace/kafka/spark-scala-app/build.sbt[0m
Mar 15, 2023 6:33:56 PM org.eclipse.lsp4j.jsonrpc.RemoteEndpoint handleCancellation
WARNING: Unmatched cancel notification for request id 1338
[0m2023.03.15 18:33:58 WARN  no build target for: /Users/nikolaroncevic/workspace/kafka/spark-scala-app/build.sbt[0m
Mar 15, 2023 6:40:56 PM org.eclipse.lsp4j.jsonrpc.RemoteEndpoint handleCancellation
WARNING: Unmatched cancel notification for request id 1350
[0m2023.03.15 18:41:08 WARN  no build target for: /Users/nikolaroncevic/workspace/kafka/spark-scala-app/src/main/scala/DataFrameExample.scala[0m
[0m2023.03.15 18:41:11 WARN  no build target for: /Users/nikolaroncevic/workspace/kafka/spark-scala-app/src/main/scala/DataFrameExample.scala[0m
[0m2023.03.15 18:41:14 WARN  no build target for: /Users/nikolaroncevic/workspace/kafka/spark-scala-app/src/main/scala/DataFrameExample.scala[0m
Mar 15, 2023 6:42:52 PM org.eclipse.lsp4j.jsonrpc.RemoteEndpoint handleCancellation
WARNING: Unmatched cancel notification for request id 1399
[0m2023.03.15 18:45:20 WARN  no build target for: /Users/nikolaroncevic/workspace/kafka/spark-scala-app/build.sbt[0m
[0m2023.03.15 18:45:21 INFO  skipping build import with status 'Dismissed'[0m
[0m2023.03.15 18:46:27 WARN  no build target for: /Users/nikolaroncevic/workspace/kafka/spark-scala-app/build.sbt[0m
[0m2023.03.15 18:46:27 INFO  skipping build import with status 'Dismissed'[0m
[0m2023.03.15 18:46:48 WARN  no build target for: /Users/nikolaroncevic/workspace/kafka/spark-scala-app/build.sbt[0m
[0m2023.03.15 18:46:48 INFO  skipping build import with status 'Dismissed'[0m
[0m2023.03.15 18:47:46 WARN  no build target for: /Users/nikolaroncevic/workspace/kafka/spark-scala-app/build.sbt[0m
[0m2023.03.15 18:47:46 INFO  skipping build import with status 'Dismissed'[0m
[0m2023.03.15 18:48:13 WARN  no build target for: /Users/nikolaroncevic/workspace/kafka/spark-scala-app/build.sbt[0m
[0m2023.03.15 18:48:13 INFO  skipping build import with status 'Dismissed'[0m
[0m2023.03.15 18:48:15 WARN  no build target for: /Users/nikolaroncevic/workspace/kafka/spark-scala-app/build.sbt[0m
[0m2023.03.15 18:48:15 INFO  skipping build import with status 'Dismissed'[0m
[0m2023.03.15 18:48:17 WARN  no build target for: /Users/nikolaroncevic/workspace/kafka/spark-scala-app/build.sbt[0m
[0m2023.03.15 18:48:17 INFO  skipping build import with status 'Dismissed'[0m
[0m2023.03.15 18:56:07 WARN  no build target for: /Users/nikolaroncevic/workspace/kafka/spark-scala-app/src/main/scala/DataFrameExample.scala[0m
[0m2023.03.15 18:56:15 WARN  no build target for: /Users/nikolaroncevic/workspace/kafka/spark-scala-app/src/main/scala/DataFrameExample.scala[0m
[0m2023.03.15 18:59:20 WARN  no build target for: /Users/nikolaroncevic/workspace/kafka/spark-scala-app/src/main/scala/DataFrameExample.scala[0m
Mar 15, 2023 7:01:59 PM org.eclipse.lsp4j.jsonrpc.RemoteEndpoint handleCancellation
WARNING: Unmatched cancel notification for request id 1636
Mar 15, 2023 7:02:31 PM org.eclipse.lsp4j.jsonrpc.RemoteEndpoint handleCancellation
WARNING: Unmatched cancel notification for request id 1648
Mar 15, 2023 7:12:08 PM org.eclipse.lsp4j.jsonrpc.RemoteEndpoint handleCancellation
WARNING: Unmatched cancel notification for request id 1664
[0m2023.03.15 19:12:17 WARN  no build target for: /Users/nikolaroncevic/workspace/kafka/spark-scala-app/build.sbt[0m
[0m2023.03.15 19:12:17 INFO  skipping build import with status 'Dismissed'[0m
Mar 15, 2023 7:13:58 PM org.eclipse.lsp4j.jsonrpc.RemoteEndpoint handleCancellation
WARNING: Unmatched cancel notification for request id 1695
[0m2023.03.15 19:14:15 WARN  no build target for: /Users/nikolaroncevic/workspace/kafka/spark-scala-app/src/main/scala/DataFrameExample.scala[0m
Mar 15, 2023 7:14:15 PM org.eclipse.lsp4j.jsonrpc.RemoteEndpoint handleCancellation
WARNING: Unmatched cancel notification for request id 1726
[0m2023.03.15 19:15:36 WARN  no build target for: /Users/nikolaroncevic/workspace/kafka/spark-scala-app/build.sbt[0m
[0m2023.03.15 19:15:36 INFO  skipping build import with status 'Dismissed'[0m
[0m2023.03.15 19:16:00 WARN  no build target for: /Users/nikolaroncevic/workspace/kafka/spark-scala-app/src/main/scala/DataFrameExample.scala[0m
[0m2023.03.15 19:16:02 WARN  no build target for: /Users/nikolaroncevic/workspace/kafka/spark-scala-app/src/main/scala/DataFrameExample.scala[0m
[0m2023.03.15 19:16:41 WARN  no build target for: /Users/nikolaroncevic/workspace/kafka/spark-scala-app/src/main/scala/DataFrameExample.scala[0m
Mar 15, 2023 7:18:33 PM org.eclipse.lsp4j.jsonrpc.RemoteEndpoint handleCancellation
WARNING: Unmatched cancel notification for request id 1807
Mar 15, 2023 7:18:36 PM org.eclipse.lsp4j.jsonrpc.RemoteEndpoint handleCancellation
WARNING: Unmatched cancel notification for request id 1821
[0m2023.03.15 19:18:43 WARN  no build target for: /Users/nikolaroncevic/workspace/kafka/spark-scala-app/build.sbt[0m
[0m2023.03.15 19:18:43 INFO  skipping build import with status 'Dismissed'[0m
[0m2023.03.15 19:19:30 WARN  no build target for: /Users/nikolaroncevic/workspace/kafka/spark-scala-app/build.sbt[0m
[0m2023.03.15 19:19:30 INFO  skipping build import with status 'Dismissed'[0m
[0m2023.03.15 19:21:43 WARN  no build target for: /Users/nikolaroncevic/workspace/kafka/spark-scala-app/src/main/scala/DataFrameExample.scala[0m
[0m2023.03.15 19:22:23 WARN  no build target for: /Users/nikolaroncevic/workspace/kafka/spark-scala-app/src/main/scala/DataFrameExample.scala[0m
Mar 16, 2023 8:46:27 AM org.eclipse.lsp4j.jsonrpc.RemoteEndpoint handleCancellation
WARNING: Unmatched cancel notification for request id 1923
Mar 16, 2023 8:46:27 AM org.eclipse.lsp4j.jsonrpc.RemoteEndpoint handleCancellation
WARNING: Unmatched cancel notification for request id 1924
Mar 16, 2023 9:32:46 AM org.eclipse.lsp4j.jsonrpc.RemoteEndpoint handleCancellation
WARNING: Unmatched cancel notification for request id 1930
[0m2023.03.16 09:35:15 WARN  no build target for: /Users/nikolaroncevic/workspace/kafka/spark-scala-app/src/main/scala/DataFrameExample.scala[0m
[0m2023.03.16 09:35:33 WARN  no build target for: /Users/nikolaroncevic/workspace/kafka/spark-scala-app/src/main/scala/DataFrameExample.scala[0m
[0m2023.03.16 09:35:37 WARN  no build target for: /Users/nikolaroncevic/workspace/kafka/spark-scala-app/src/main/scala/DataFrameExample.scala[0m
[0m2023.03.16 09:35:40 INFO  time: code lens generation in 2.92s[0m
[0m2023.03.16 09:46:13 INFO  shutting down Metals[0m
[0m2023.03.16 09:58:00 INFO  Started: Metals version 0.10.9 in workspace '/Users/nikolaroncevic/workspace/kafka/spark-scala-app' for client Visual Studio Code 1.54.3.[0m
[0m2023.03.16 09:58:06 INFO  time: initialize in 6.56s[0m
[0m2023.03.16 09:58:07 WARN  Build server is not auto-connectable.[0m
[0m2023.03.16 09:58:08 WARN  no build target for: /Users/nikolaroncevic/workspace/kafka/spark-scala-app/src/main/scala/DataFrameExample.scala[0m
[0m2023.03.16 09:58:08 INFO  skipping build import with status 'Dismissed'[0m
Default dialect is deprecated; use explicit: [Scala211,scala212,Scala212Source3,scala213,Scala213Source3,Sbt0137,Sbt1,scala3]
Also see https://scalameta.org/scalafmt/docs/configuration.html#scala-dialects"
[0m2023.03.16 09:58:17 INFO  no build target: using presentation compiler with only scala-library: 3.1.0[0m
[0m2023.03.16 09:58:22 INFO  time: code lens generation in 11s[0m
Mar 16, 2023 10:04:23 AM org.eclipse.lsp4j.jsonrpc.RemoteEndpoint handleCancellation
WARNING: Unmatched cancel notification for request id 6
Mar 16, 2023 10:04:46 AM org.eclipse.lsp4j.jsonrpc.RemoteEndpoint handleCancellation
WARNING: Unmatched cancel notification for request id 36
[0m2023.03.16 10:05:09 WARN  no build target for: /Users/nikolaroncevic/workspace/kafka/spark-scala-app/src/main/scala/DataFrameExample.scala[0m
[0m2023.03.16 10:05:26 WARN  no build target for: /Users/nikolaroncevic/workspace/kafka/spark-scala-app/src/main/scala/DataFrameExample.scala[0m
[0m2023.03.16 10:05:42 WARN  no build target for: /Users/nikolaroncevic/workspace/kafka/spark-scala-app/src/main/scala/DataFrameExample.scala[0m
[0m2023.03.16 10:12:27 ERROR scalafmt: /Users/nikolaroncevic/workspace/kafka/spark-scala-app/src/main/scala/DataFrameExample.scala:47: error: [dialect default] ) expected but . found
    df3.writeStream
       ^[0m
[0m2023.03.16 10:12:27 WARN  no build target for: /Users/nikolaroncevic/workspace/kafka/spark-scala-app/src/main/scala/DataFrameExample.scala[0m
[0m2023.03.16 10:12:30 WARN  no build target for: /Users/nikolaroncevic/workspace/kafka/spark-scala-app/src/main/scala/DataFrameExample.scala[0m
[0m2023.03.16 10:31:38 WARN  no build target for: /Users/nikolaroncevic/workspace/kafka/spark-scala-app/src/main/scala/DataFrameExample.scala[0m
[0m2023.03.16 10:32:06 WARN  no build target for: /Users/nikolaroncevic/workspace/kafka/spark-scala-app/src/main/scala/DataFrameExample.scala[0m
[0m2023.03.16 10:32:18 WARN  no build target for: /Users/nikolaroncevic/workspace/kafka/spark-scala-app/src/main/scala/DataFrameExample.scala[0m
[0m2023.03.16 10:32:43 WARN  no build target for: /Users/nikolaroncevic/workspace/kafka/spark-scala-app/src/main/scala/DataFrameExample.scala[0m
[0m2023.03.16 10:32:59 WARN  no build target for: /Users/nikolaroncevic/workspace/kafka/spark-scala-app/src/main/scala/DataFrameExample.scala[0m
[0m2023.03.16 10:33:10 WARN  no build target for: /Users/nikolaroncevic/workspace/kafka/spark-scala-app/src/main/scala/DataFrameExample.scala[0m
[0m2023.03.16 10:33:27 WARN  no build target for: /Users/nikolaroncevic/workspace/kafka/spark-scala-app/src/main/scala/DataFrameExample.scala[0m
[0m2023.03.16 10:33:47 WARN  no build target for: /Users/nikolaroncevic/workspace/kafka/spark-scala-app/src/main/scala/DataFrameExample.scala[0m
[0m2023.03.16 10:35:15 WARN  no build target for: /Users/nikolaroncevic/workspace/kafka/spark-scala-app/build.sbt[0m
[0m2023.03.16 10:35:26 WARN  no build target for: /Users/nikolaroncevic/workspace/kafka/spark-scala-app/build.sbt[0m
[0m2023.03.16 10:35:26 INFO  skipping build import with status 'Dismissed'[0m
Mar 16, 2023 10:35:34 AM org.eclipse.lsp4j.jsonrpc.RemoteEndpoint handleCancellation
WARNING: Unmatched cancel notification for request id 442
[0m2023.03.16 10:36:40 WARN  no build target for: /Users/nikolaroncevic/workspace/kafka/spark-scala-app/src/main/scala/DataFrameExample.scala[0m
[0m2023.03.16 10:36:54 WARN  no build target for: /Users/nikolaroncevic/workspace/kafka/spark-scala-app/src/main/scala/DataFrameExample.scala[0m
Mar 16, 2023 10:38:24 AM org.eclipse.lsp4j.jsonrpc.RemoteEndpoint handleCancellation
WARNING: Unmatched cancel notification for request id 537
[0m2023.03.16 10:38:28 WARN  no build target for: /Users/nikolaroncevic/workspace/kafka/spark-scala-app/build.sbt[0m
[0m2023.03.16 10:38:29 INFO  skipping build import with status 'Dismissed'[0m
Mar 16, 2023 10:40:45 AM org.eclipse.lsp4j.jsonrpc.RemoteEndpoint handleCancellation
WARNING: Unmatched cancel notification for request id 583
[0m2023.03.16 10:41:44 WARN  no build target for: /Users/nikolaroncevic/workspace/kafka/spark-scala-app/src/main/scala/DataFrameExample.scala[0m
Mar 16, 2023 10:41:48 AM org.eclipse.lsp4j.jsonrpc.RemoteEndpoint handleCancellation
WARNING: Unmatched cancel notification for request id 670
[0m2023.03.16 10:41:57 WARN  no build target for: /Users/nikolaroncevic/workspace/kafka/spark-scala-app/src/main/scala/DataFrameExample.scala[0m
[0m2023.03.16 10:42:02 WARN  no build target for: /Users/nikolaroncevic/workspace/kafka/spark-scala-app/src/main/scala/DataFrameExample.scala[0m
[0m2023.03.16 10:42:06 WARN  no build target for: /Users/nikolaroncevic/workspace/kafka/spark-scala-app/src/main/scala/DataFrameExample.scala[0m
Mar 16, 2023 10:42:25 AM org.eclipse.lsp4j.jsonrpc.RemoteEndpoint handleCancellation
WARNING: Unmatched cancel notification for request id 746
[0m2023.03.16 10:42:28 WARN  no build target for: /Users/nikolaroncevic/workspace/kafka/spark-scala-app/build.sbt[0m
[0m2023.03.16 10:42:28 INFO  skipping build import with status 'Dismissed'[0m
Mar 16, 2023 10:42:36 AM org.eclipse.lsp4j.jsonrpc.RemoteEndpoint handleCancellation
WARNING: Unmatched cancel notification for request id 766
[0m2023.03.16 10:44:30 WARN  no build target for: /Users/nikolaroncevic/workspace/kafka/spark-scala-app/src/main/scala/DataFrameExample.scala[0m
[0m2023.03.16 10:44:30 WARN  no build target for: /Users/nikolaroncevic/workspace/kafka/spark-scala-app/src/main/scala/DataFrameExample.scala[0m
[0m2023.03.16 10:44:34 WARN  no build target for: /Users/nikolaroncevic/workspace/kafka/spark-scala-app/src/main/scala/DataFrameExample.scala[0m
[0m2023.03.16 10:44:35 WARN  no build target for: /Users/nikolaroncevic/workspace/kafka/spark-scala-app/src/main/scala/DataFrameExample.scala[0m
Mar 16, 2023 10:45:18 AM org.eclipse.lsp4j.jsonrpc.RemoteEndpoint handleCancellation
WARNING: Unmatched cancel notification for request id 1224
[0m2023.03.16 10:45:21 WARN  no build target for: /Users/nikolaroncevic/workspace/kafka/spark-scala-app/src/main/scala/DataFrameExample.scala[0m
[0m2023.03.16 10:45:41 WARN  no build target for: /Users/nikolaroncevic/workspace/kafka/spark-scala-app/src/main/scala/DataFrameExample.scala[0m
[0m2023.03.16 10:46:48 WARN  no build target for: /Users/nikolaroncevic/workspace/kafka/spark-scala-app/src/main/scala/DataFrameExample.scala[0m
Mar 16, 2023 10:47:44 AM org.eclipse.lsp4j.jsonrpc.RemoteEndpoint handleCancellation
WARNING: Unmatched cancel notification for request id 1352
[0m2023.03.16 10:47:55 WARN  no build target for: /Users/nikolaroncevic/workspace/kafka/spark-scala-app/src/main/scala/DataFrameExample.scala[0m
[0m2023.03.16 10:48:25 WARN  no build target for: /Users/nikolaroncevic/workspace/kafka/spark-scala-app/src/main/scala/DataFrameExample.scala[0m
Mar 16, 2023 10:48:52 AM org.eclipse.lsp4j.jsonrpc.RemoteEndpoint handleCancellation
WARNING: Unmatched cancel notification for request id 1442
Mar 16, 2023 10:49:04 AM org.eclipse.lsp4j.jsonrpc.RemoteEndpoint handleCancellation
WARNING: Unmatched cancel notification for request id 1493
[0m2023.03.16 10:49:06 WARN  no build target for: /Users/nikolaroncevic/workspace/kafka/spark-scala-app/src/main/scala/DataFrameExample.scala[0m
[0m2023.03.16 10:49:40 WARN  no build target for: /Users/nikolaroncevic/workspace/kafka/spark-scala-app/src/main/scala/DataFrameExample.scala[0m
[0m2023.03.16 10:50:14 WARN  no build target for: /Users/nikolaroncevic/workspace/kafka/spark-scala-app/src/main/scala/DataFrameExample.scala[0m
[0m2023.03.16 10:50:23 WARN  no build target for: /Users/nikolaroncevic/workspace/kafka/spark-scala-app/src/main/scala/DataFrameExample.scala[0m
[0m2023.03.16 11:54:40 WARN  no build target for: /Users/nikolaroncevic/workspace/kafka/spark-scala-app/src/main/scala/DataFrameExample.scala[0m
[0m2023.03.16 11:54:55 WARN  no build target for: /Users/nikolaroncevic/workspace/kafka/spark-scala-app/src/main/scala/DataFrameExample.scala[0m
[0m2023.03.16 11:55:06 WARN  no build target for: /Users/nikolaroncevic/workspace/kafka/spark-scala-app/src/main/scala/DataFrameExample.scala[0m
[0m2023.03.16 11:56:23 WARN  no build target for: /Users/nikolaroncevic/workspace/kafka/spark-scala-app/src/main/scala/DataFrameExample.scala[0m
[0m2023.03.16 11:56:27 WARN  no build target for: /Users/nikolaroncevic/workspace/kafka/spark-scala-app/src/main/scala/DataFrameExample.scala[0m
[0m2023.03.16 11:57:29 WARN  no build target for: /Users/nikolaroncevic/workspace/kafka/spark-scala-app/src/main/scala/DataFrameExample.scala[0m
[0m2023.03.16 11:57:36 WARN  no build target for: /Users/nikolaroncevic/workspace/kafka/spark-scala-app/src/main/scala/DataFrameExample.scala[0m
[0m2023.03.16 11:57:56 WARN  no build target for: /Users/nikolaroncevic/workspace/kafka/spark-scala-app/src/main/scala/DataFrameExample.scala[0m
[0m2023.03.16 11:57:58 WARN  no build target for: /Users/nikolaroncevic/workspace/kafka/spark-scala-app/src/main/scala/DataFrameExample.scala[0m
[0m2023.03.16 11:58:35 WARN  no build target for: /Users/nikolaroncevic/workspace/kafka/spark-scala-app/src/main/scala/DataFrameExample.scala[0m
[0m2023.03.16 12:00:26 WARN  no build target for: /Users/nikolaroncevic/workspace/kafka/spark-scala-app/src/main/scala/DataFrameExample.scala[0m
Mar 16, 2023 12:01:00 PM org.eclipse.lsp4j.jsonrpc.RemoteEndpoint handleCancellation
WARNING: Unmatched cancel notification for request id 1966
[0m2023.03.16 12:01:02 WARN  no build target for: /Users/nikolaroncevic/workspace/kafka/spark-scala-app/src/main/scala/DataFrameExample.scala[0m
[0m2023.03.16 12:01:05 WARN  no build target for: /Users/nikolaroncevic/workspace/kafka/spark-scala-app/src/main/scala/DataFrameExample.scala[0m
[0m2023.03.16 12:01:08 WARN  no build target for: /Users/nikolaroncevic/workspace/kafka/spark-scala-app/src/main/scala/DataFrameExample.scala[0m
Mar 16, 2023 12:02:22 PM org.eclipse.lsp4j.jsonrpc.RemoteEndpoint handleCancellation
WARNING: Unmatched cancel notification for request id 2005
[0m2023.03.16 12:02:44 WARN  no build target for: /Users/nikolaroncevic/workspace/kafka/spark-scala-app/src/main/scala/DataFrameExample.scala[0m
[0m2023.03.16 12:34:00 WARN  no build target for: /Users/nikolaroncevic/workspace/kafka/spark-scala-app/src/main/scala/DataFrameExample.scala[0m
[0m2023.03.16 12:36:42 WARN  no build target for: /Users/nikolaroncevic/workspace/kafka/spark-scala-app/src/main/scala/DataFrameExample.scala[0m
[0m2023.03.16 13:40:04 WARN  no build target for: /Users/nikolaroncevic/workspace/kafka/spark-scala-app/src/main/scala/DataFrameExample.scala[0m
[0m2023.03.16 13:42:18 WARN  no build target for: /Users/nikolaroncevic/workspace/kafka/spark-scala-app/src/main/scala/DataFrameExample.scala[0m
[0m2023.03.16 13:43:05 WARN  no build target for: /Users/nikolaroncevic/workspace/kafka/spark-scala-app/src/main/scala/DataFrameExample.scala[0m
[0m2023.03.16 13:43:20 WARN  no build target for: /Users/nikolaroncevic/workspace/kafka/spark-scala-app/src/main/scala/DataFrameExample.scala[0m
