[0m2023.03.13 16:33:49 INFO  Started: Metals version 0.10.9 in workspace '/Users/nikolaroncevic/workspace/kafka/spark-app' for client Visual Studio Code 1.54.3.[0m
[0m2023.03.13 16:33:54 INFO  time: initialize in 4.54s[0m
[0m2023.03.13 16:33:54 WARN  Build server is not auto-connectable.[0m
[0m2023.03.13 16:33:55 WARN  no build target for: /Users/nikolaroncevic/workspace/kafka/spark-app/build.sbt[0m
[0m2023.03.13 16:34:05 INFO  no build target: using presentation compiler with only scala-library: 3.1.0[0m
[0m2023.03.13 16:34:21 INFO  running '/Library/Java/JavaVirtualMachines/jdk-11.0.11.jdk/Contents/Home/bin/java -Djline.terminal=jline.UnsupportedTerminal -Dsbt.log.noformat=true -Dfile.encoding=UTF-8 -jar /var/folders/sg/286y2p6s4mlgfpv0j2ktvg700000gn/T/metals11161329984183878986/sbt-launch.jar -Dbloop.export-jar-classifiers=sources bloopInstall'[0m
[0m2023.03.13 16:34:22 WARN  no build target for: /Users/nikolaroncevic/workspace/kafka/spark-app/project/metals.sbt[0m
[0m2023.03.13 16:34:22 WARN  no build target for: /Users/nikolaroncevic/workspace/kafka/spark-app/project/project/metals.sbt[0m
[0m2023.03.13 16:34:22 INFO  skipping build import with status 'Started'[0m
[0m2023.03.13 16:34:25 INFO  [info] welcome to sbt 1.8.2 (Oracle Corporation Java 11.0.11)[0m
[0m2023.03.13 16:34:26 INFO  time: code lens generation in 30s[0m
[0m2023.03.13 16:34:26 INFO  time: code lens generation in 8.93s[0m
[0m2023.03.13 16:34:30 INFO  [info] loading settings for project spark-app-build-build from metals.sbt ...[0m
[0m2023.03.13 16:34:32 INFO  [info] loading project definition from /Users/nikolaroncevic/workspace/kafka/spark-app/project/project[0m
[0m2023.03.13 16:34:44 INFO  [info] loading settings for project spark-app-build from metals.sbt ...[0m
[0m2023.03.13 16:34:45 INFO  [info] loading project definition from /Users/nikolaroncevic/workspace/kafka/spark-app/project[0m
[0m2023.03.13 16:34:54 INFO  [success] Generated .bloop/spark-app-build.json[0m
[0m2023.03.13 16:34:54 INFO  [success] Total time: 8 s, completed Mar 13, 2023, 4:34:54 PM[0m
[0m2023.03.13 16:35:00 INFO  [info] loading settings for project spark-app from build.sbt ...[0m
[0m2023.03.13 16:35:00 INFO  [info] set current project to Simple Project (in build file:/Users/nikolaroncevic/workspace/kafka/spark-app/)[0m
[0m2023.03.13 16:35:45 INFO  [success] Generated .bloop/spark-app.json[0m
[0m2023.03.13 16:35:45 INFO  [success] Generated .bloop/spark-app-test.json[0m
[0m2023.03.13 16:35:45 INFO  [success] Total time: 44 s, completed Mar 13, 2023, 4:35:45 PM[0m
[0m2023.03.13 16:35:45 INFO  time: ran 'sbt bloopInstall' in 1m23s[0m
[0m2023.03.13 16:35:45 INFO  Attempting to connect to the build server...[0m
Starting the bsp launcher for bloop...
Opening a bsp server connection with 'bsp --protocol local --socket /var/folders/sg/286y2p6s4mlgfpv0j2ktvg700000gn/T/bsp-launcher11632198663606309607/bsp.socket'...
Waiting for the bsp connection to come up...
Waiting for the bsp connection to come up...
Waiting for the bsp connection to come up...
Waiting for the bsp connection to come up...
Waiting for the bsp connection to come up...
Waiting for the bsp connection to come up...
Waiting for the bsp connection to come up...
Waiting for the bsp connection to come up...
Waiting for the bsp connection to come up...
Waiting for the bsp connection to come up...
Waiting for the bsp connection to come up...
Waiting for the bsp connection to come up...
Waiting for the bsp connection to come up...
Waiting for the bsp connection to come up...
Waiting for the bsp connection to come up...
Waiting for the bsp connection to come up...
Waiting for the bsp connection to come up...
Waiting for the bsp connection to come up...
Waiting for the bsp connection to come up...
Waiting for the bsp connection to come up...
Waiting for the bsp connection to come up...
Waiting for the bsp connection to come up...
No server running at 127.0.0.1:8212, let's fire one...
Resolving ch.epfl.scala:bloop-frontend_2.12:1.4.11...
Starting bloop server at 127.0.0.1:8212...
Attempting a connection to the server...
Attempting a connection to the server...
Attempting a connection to the server...
Attempting a connection to the server...
Attempting a connection to the server...
Attempting a connection to the server...
Attempting a connection to the server...
Attempting a connection to the server...
[0m[32m[D][0m Loading 2 projects from '/Users/nikolaroncevic/workspace/kafka/spark-app/.bloop'...
[0m[32m[D][0m Loading project from '/Users/nikolaroncevic/workspace/kafka/spark-app/.bloop/spark-app.json'
[0m[32m[D][0m Loading project from '/Users/nikolaroncevic/workspace/kafka/spark-app/.bloop/spark-app-test.json'
[0m[32m[D][0m Cache miss for scala instance org.scala-lang:scala-compiler:2.12.10.
[0m[32m[D][0m   => /Users/nikolaroncevic/Library/Caches/Coursier/v1/https/repo1.maven.org/maven2/jline/jline/2.14.6/jline-2.14.6.jar
[0m[32m[D][0m   => /Users/nikolaroncevic/Library/Caches/Coursier/v1/https/repo1.maven.org/maven2/org/fusesource/jansi/jansi/1.12/jansi-1.12.jar
[0m[32m[D][0m   => /Users/nikolaroncevic/Library/Caches/Coursier/v1/https/repo1.maven.org/maven2/org/scala-lang/modules/scala-xml_2.12/1.0.6/scala-xml_2.12-1.0.6.jar
[0m[32m[D][0m   => /Users/nikolaroncevic/Library/Caches/Coursier/v1/https/repo1.maven.org/maven2/org/scala-lang/scala-compiler/2.12.10/scala-compiler-2.12.10.jar
[0m[32m[D][0m   => /Users/nikolaroncevic/Library/Caches/Coursier/v1/https/repo1.maven.org/maven2/org/scala-lang/scala-library/2.12.10/scala-library-2.12.10.jar
[0m[32m[D][0m   => /Users/nikolaroncevic/Library/Caches/Coursier/v1/https/repo1.maven.org/maven2/org/scala-lang/scala-reflect/2.12.10/scala-reflect-2.12.10.jar
[0m[32m[D][0m Missing analysis file for project 'spark-app-test'
[0m[32m[D][0m Missing analysis file for project 'spark-app'
[0m[32m[D][0m Waiting for a connection at local:///var/folders/sg/286y2p6s4mlgfpv0j2ktvg700000gn/T/bsp-launcher11632198663606309607/bsp.socket...
The server is listening for incoming connections at local:///var/folders/sg/286y2p6s4mlgfpv0j2ktvg700000gn/T/bsp-launcher11632198663606309607/bsp.socket...
Starting thread that pumps stdin and redirects it to the bsp server...
Starting thread that pumps server stdout and redirects it to the client stdout...
[0m2023.03.13 16:36:14 INFO  tracing is disabled for protocol BSP, to enable tracing of incoming and outgoing JSON messages create an empty file at /Users/nikolaroncevic/Library/Caches/org.scalameta.metals/bsp.trace.json[0m
[0m2023.03.13 16:36:20 INFO  Attempting to connect to the build server...[0m
Starting the bsp launcher for bloop...
Opening a bsp server connection with 'bsp --protocol local --socket /var/folders/sg/286y2p6s4mlgfpv0j2ktvg700000gn/T/bsp-launcher12786890781384371123/bsp.socket'...
Waiting for the bsp connection to come up...
[0m[32m[D][0m Loading workspace settings from bloop.settings.json
[0m[32m[D][0m Waiting for a connection at local:///var/folders/sg/286y2p6s4mlgfpv0j2ktvg700000gn/T/bsp-launcher12786890781384371123/bsp.socket...
The server is listening for incoming connections at local:///var/folders/sg/286y2p6s4mlgfpv0j2ktvg700000gn/T/bsp-launcher12786890781384371123/bsp.socket...
Starting thread that pumps stdin and redirects it to the bsp server...
Starting thread that pumps server stdout and redirects it to the client stdout...
[0m2023.03.13 16:36:20 INFO  tracing is disabled for protocol BSP, to enable tracing of incoming and outgoing JSON messages create an empty file at /Users/nikolaroncevic/Library/Caches/org.scalameta.metals/bsp.trace.json[0m
[0m2023.03.13 16:36:20 INFO  time: Connected to build server in 35s[0m
[0m2023.03.13 16:36:20 INFO  Connected to Build server: Bloop v1.4.11[0m
[0m2023.03.13 16:36:20 INFO  time: Imported build in 0.21s[0m
[0m2023.03.13 16:36:22 WARN  unsupported Scala 2.12.17[0m
[0m2023.03.13 16:36:28 INFO  no build target: using presentation compiler with only scala-library: 2.12.15[0m
[0m2023.03.13 16:36:31 INFO  time: code lens generation in 8.85s[0m
[0m2023.03.13 16:36:32 INFO  time: indexed workspace in 11s[0m
[0m2023.03.13 16:36:32 WARN  unsupported Scala 2.12.17[0m
[0m2023.03.13 16:36:35 WARN  unsupported Scala 2.12.17[0m
[0m2023.03.13 16:36:36 INFO  skipping build import with status 'Installed'[0m
Default dialect is deprecated; use explicit: [Scala211,scala212,Scala212Source3,scala213,Scala213Source3,Sbt0137,Sbt1,scala3]
Also see https://scalameta.org/scalafmt/docs/configuration.html#scala-dialects"
[0m2023.03.13 16:36:56 WARN  unsupported Scala 2.12.17[0m
[0m2023.03.13 16:36:59 INFO  running '/Library/Java/JavaVirtualMachines/jdk-11.0.11.jdk/Contents/Home/bin/java -Djline.terminal=jline.UnsupportedTerminal -Dsbt.log.noformat=true -Dfile.encoding=UTF-8 -jar /var/folders/sg/286y2p6s4mlgfpv0j2ktvg700000gn/T/metals6606042045605485375/sbt-launch.jar -Dbloop.export-jar-classifiers=sources bloopInstall'[0m
[0m2023.03.13 16:37:02 INFO  [info] welcome to sbt 1.8.2 (Oracle Corporation Java 11.0.11)[0m
[0m2023.03.13 16:37:02 INFO  [info] loading settings for project spark-app-build-build from metals.sbt ...[0m
[0m2023.03.13 16:37:05 INFO  [info] loading project definition from /Users/nikolaroncevic/workspace/kafka/spark-app/project/project[0m
[0m2023.03.13 16:37:07 INFO  [info] loading settings for project spark-app-build from metals.sbt ...[0m
[0m2023.03.13 16:37:07 INFO  [info] loading project definition from /Users/nikolaroncevic/workspace/kafka/spark-app/project[0m
[0m2023.03.13 16:37:13 INFO  [success] Generated .bloop/spark-app-build.json[0m
[0m2023.03.13 16:37:13 INFO  [success] Total time: 5 s, completed Mar 13, 2023, 4:37:13 PM[0m
[0m2023.03.13 16:37:17 INFO  [info] loading settings for project spark-app from build.sbt ...[0m
[0m2023.03.13 16:37:17 INFO  [info] set current project to Simple Project (in build file:/Users/nikolaroncevic/workspace/kafka/spark-app/)[0m
[0m2023.03.13 16:37:26 INFO  [success] Generated .bloop/spark-app-test.json[0m
[0m2023.03.13 16:37:26 INFO  [success] Generated .bloop/spark-app.json[0m
[0m2023.03.13 16:37:26 INFO  [success] Total time: 8 s, completed Mar 13, 2023, 4:37:26 PM[0m
[0m2023.03.13 16:37:26 INFO  time: ran 'sbt bloopInstall' in 26s[0m
[0m2023.03.13 16:37:26 INFO  Disconnecting from Bloop session...[0m
[0m2023.03.13 16:37:26 INFO  Shut down connection with build server.[0m
[0m2023.03.13 16:37:26 INFO  Shut down connection with build server.[0m
No more data in the server stdin, exiting...
No more data in the server stdin, exiting...
No more data in the client stdin, exiting...
No more data in the server stdin, exiting...
No more data in the server stdin, exiting...
No more data in the client stdin, exiting...
[0m2023.03.13 16:37:26 INFO  Attempting to connect to the build server...[0m
Starting the bsp launcher for bloop...
Opening a bsp server connection with 'bsp --protocol local --socket /var/folders/sg/286y2p6s4mlgfpv0j2ktvg700000gn/T/bsp-launcher3372340750275320000/bsp.socket'...
Waiting for the bsp connection to come up...
Waiting for the bsp connection to come up...
Waiting for the bsp connection to come up...
Waiting for the bsp connection to come up...
[0m[32m[D][0m Loading workspace settings from bloop.settings.json
[0m[32m[D][0m Loading 2 projects from '/Users/nikolaroncevic/workspace/kafka/spark-app/.bloop'...
[0m[32m[D][0m Loading project from '/Users/nikolaroncevic/workspace/kafka/spark-app/.bloop/spark-app-test.json'
[0m[32m[D][0m Loading project from '/Users/nikolaroncevic/workspace/kafka/spark-app/.bloop/spark-app.json'
[0m[32m[D][0m Cache miss for scala instance org.scala-lang:scala-compiler:2.12.15.
[0m[32m[D][0m   => /Users/nikolaroncevic/Library/Caches/Coursier/v1/https/repo1.maven.org/maven2/jline/jline/2.14.6/jline-2.14.6.jar
[0m[32m[D][0m   => /Users/nikolaroncevic/Library/Caches/Coursier/v1/https/repo1.maven.org/maven2/org/scala-lang/modules/scala-xml_2.12/1.0.6/scala-xml_2.12-1.0.6.jar
[0m[32m[D][0m   => /Users/nikolaroncevic/Library/Caches/Coursier/v1/https/repo1.maven.org/maven2/org/scala-lang/scala-compiler/2.12.15/scala-compiler-2.12.15.jar
[0m[32m[D][0m   => /Users/nikolaroncevic/Library/Caches/Coursier/v1/https/repo1.maven.org/maven2/org/scala-lang/scala-library/2.12.15/scala-library-2.12.15.jar
[0m[32m[D][0m   => /Users/nikolaroncevic/Library/Caches/Coursier/v1/https/repo1.maven.org/maven2/org/scala-lang/scala-reflect/2.12.15/scala-reflect-2.12.15.jar
[0m[32m[D][0m Resolving org.scalameta:semanticdb-scalac_2.12.15:4.4.30
[0m[32m[D][0m Configured Scala SemanticDB in projects 'spark-app', 'spark-app-test'
[0m[32m[D][0m Waiting for a connection at local:///var/folders/sg/286y2p6s4mlgfpv0j2ktvg700000gn/T/bsp-launcher3372340750275320000/bsp.socket...
The server is listening for incoming connections at local:///var/folders/sg/286y2p6s4mlgfpv0j2ktvg700000gn/T/bsp-launcher3372340750275320000/bsp.socket...
Starting thread that pumps stdin and redirects it to the bsp server...
Starting thread that pumps server stdout and redirects it to the client stdout...
[0m2023.03.13 16:37:30 INFO  tracing is disabled for protocol BSP, to enable tracing of incoming and outgoing JSON messages create an empty file at /Users/nikolaroncevic/Library/Caches/org.scalameta.metals/bsp.trace.json[0m
[0m2023.03.13 16:37:30 INFO  Attempting to connect to the build server...[0m
Starting the bsp launcher for bloop...
Opening a bsp server connection with 'bsp --protocol local --socket /var/folders/sg/286y2p6s4mlgfpv0j2ktvg700000gn/T/bsp-launcher3358110922621561664/bsp.socket'...
Waiting for the bsp connection to come up...
[0m[32m[D][0m Loading workspace settings from bloop.settings.json
[0m[32m[D][0m Waiting for a connection at local:///var/folders/sg/286y2p6s4mlgfpv0j2ktvg700000gn/T/bsp-launcher3358110922621561664/bsp.socket...
The server is listening for incoming connections at local:///var/folders/sg/286y2p6s4mlgfpv0j2ktvg700000gn/T/bsp-launcher3358110922621561664/bsp.socket...
Starting thread that pumps stdin and redirects it to the bsp server...
Starting thread that pumps server stdout and redirects it to the client stdout...
[0m2023.03.13 16:37:31 INFO  tracing is disabled for protocol BSP, to enable tracing of incoming and outgoing JSON messages create an empty file at /Users/nikolaroncevic/Library/Caches/org.scalameta.metals/bsp.trace.json[0m
[0m2023.03.13 16:37:31 INFO  time: Connected to build server in 4.48s[0m
[0m2023.03.13 16:37:31 INFO  Connected to Build server: Bloop v1.4.11[0m
[0m2023.03.13 16:37:37 INFO  time: indexed workspace in 6.03s[0m
[0m2023.03.13 16:37:37 WARN  unsupported Scala 2.12.17[0m
[0m2023.03.13 16:37:42 INFO  no build target: using presentation compiler with only scala-library: 2.12.15[0m
[0m2023.03.13 16:37:58 WARN  no build target for: /Users/nikolaroncevic/workspace/kafka/spark-app/project/project/metals.sbt[0m
[0m2023.03.14 12:21:25 INFO  shutting down Metals[0m
[0m2023.03.14 12:21:26No more data in the server stdin, exiting... INFO  Shut down connection with build server.[0m

No more data in the server stdin, exiting...
No more data in the server stdin, exiting...
No more data in the server stdin, exiting...
[0mNo more data in the client stdin, exiting...2023.03.14 12:21:26
 INFO  Shut down connection with build server.[0m
No more data in the client stdin, exiting...
